<?xml version="1.0" encoding="UTF-8"?>
<testsuite name="org.example.PositiveNumberTest" tests="2" skipped="0" failures="0" errors="0" timestamp="2023-01-14T13:52:43" hostname="DESKTOP-PGFVG56" time="0.035">
  <properties/>
  <testcase name="[1] " classname="org.example.PositiveNumberTest" time="0.033"/>
  <testcase name="[2] " classname="org.example.PositiveNumberTest" time="0.0"/>
  <system-out><![CDATA[]]></system-out>
  <system-err><![CDATA[]]></system-err>
</testsuite>
