<?xml version="1.0" encoding="UTF-8"?>
<testsuite name="org.example.GradeCalculatorTest" tests="1" skipped="0" failures="0" errors="0" timestamp="2023-01-14T15:16:39" hostname="DESKTOP-PGFVG56" time="0.036">
  <properties/>
  <testcase name="평균 학점을 계산한다." classname="org.example.GradeCalculatorTest" time="0.036"/>
  <system-out><![CDATA[]]></system-out>
  <system-err><![CDATA[]]></system-err>
</testsuite>
